0 info it worked if it ends with ok
1 verbose cli [ 'C:\\Program Files\\nodejs\\node.exe',
1 verbose cli   'C:\\Program Files\\nodejs\\node_modules\\npm\\bin\\npm-cli.js',
1 verbose cli   'start' ]
2 info using npm@3.10.3
3 info using node@v6.3.1
4 verbose run-script [ 'prestart', 'start', 'poststart' ]
5 info lifecycle admin-panel@1.0.0~prestart: admin-panel@1.0.0
6 silly lifecycle admin-panel@1.0.0~prestart: no script for prestart, continuing
7 info lifecycle admin-panel@1.0.0~start: admin-panel@1.0.0
8 verbose lifecycle admin-panel@1.0.0~start: unsafe-perm in lifecycle true
9 verbose lifecycle admin-panel@1.0.0~start: PATH: C:\Program Files\nodejs\node_modules\npm\bin\node-gyp-bin;D:\Projects\psa\node_modules\.bin;C:\Program Files\nodejs;C:\ProgramData\Oracle\Java\javapath;C:\Windows\system32;C:\Windows;C:\Windows\System32\Wbem;C:\Windows\System32\WindowsPowerShell\v1.0\;C:\Program Files\Git\cmd;C:\Program Files\MongoDB\Server\3.2\bin;C:\Python27\Scripts;C:\Program Files\nodejs;C:\xampp\php;C:\ProgramData\ComposerSetup\bin;C:\Users\Dani Akash\AppData\Roaming\Composer\vendor\bin;C:\Python27;C:\Program Files\nodejs\;C:\Program Files (x86)\Skype\Phone\;C:\ProgramData\chocolatey\bin;C:\HashiCorp\Vagrant\bin;C:\Program Files (x86)\Windows Kits\8.1\Windows Performance Toolkit\;C:\Program Files (x86)\Heroku\bin;C:\Program Files (x86)\git\cmd;C:\Program Files (x86)\Git\cmd;C:\Users\Dani Akash\AppData\Local\atom\bin;C:\Users\Dani Akash\AppData\Roaming\Composer\vendor\bin;C:\Users\Dani Akash\AppData\Roaming\npm;C:\Android\sdk\platform-tools
10 verbose lifecycle admin-panel@1.0.0~start: CWD: D:\Projects\psa
11 silly lifecycle admin-panel@1.0.0~start: Args: [ '/d /s /c', 'gulp' ]
12 silly lifecycle admin-panel@1.0.0~start: Returned: code: 1  signal: null
13 info lifecycle admin-panel@1.0.0~start: Failed to exec start script
14 verbose stack Error: admin-panel@1.0.0 start: `gulp`
14 verbose stack Exit status 1
14 verbose stack     at EventEmitter.<anonymous> (C:\Program Files\nodejs\node_modules\npm\lib\utils\lifecycle.js:242:16)
14 verbose stack     at emitTwo (events.js:106:13)
14 verbose stack     at EventEmitter.emit (events.js:191:7)
14 verbose stack     at ChildProcess.<anonymous> (C:\Program Files\nodejs\node_modules\npm\lib\utils\spawn.js:40:14)
14 verbose stack     at emitTwo (events.js:106:13)
14 verbose stack     at ChildProcess.emit (events.js:191:7)
14 verbose stack     at maybeClose (internal/child_process.js:852:16)
14 verbose stack     at Process.ChildProcess._handle.onexit (internal/child_process.js:215:5)
15 verbose pkgid admin-panel@1.0.0
16 verbose cwd D:\Projects\psa
17 error Windows_NT 10.0.10240
18 error argv "C:\\Program Files\\nodejs\\node.exe" "C:\\Program Files\\nodejs\\node_modules\\npm\\bin\\npm-cli.js" "start"
19 error node v6.3.1
20 error npm  v3.10.3
21 error code ELIFECYCLE
22 error admin-panel@1.0.0 start: `gulp`
22 error Exit status 1
23 error Failed at the admin-panel@1.0.0 start script 'gulp'.
23 error Make sure you have the latest version of node.js and npm installed.
23 error If you do, this is most likely a problem with the admin-panel package,
23 error not with npm itself.
23 error Tell the author that this fails on your system:
23 error     gulp
23 error You can get information on how to open an issue for this project with:
23 error     npm bugs admin-panel
23 error Or if that isn't available, you can get their info via:
23 error     npm owner ls admin-panel
23 error There is likely additional logging output above.
24 verbose exit [ 1, true ]
